0 info it worked if it ends with ok
1 verbose cli [ '/usr/local/bin/node',
1 verbose cli   '/usr/local/bin/npm',
1 verbose cli   'run',
1 verbose cli   'lint:js',
1 verbose cli   '--',
1 verbose cli   '--fix' ]
2 info using npm@3.10.10
3 info using node@v6.11.2
4 verbose run-script [ 'prelint:js', 'lint:js', 'postlint:js' ]
5 info lifecycle cats@1.0.0~prelint:js: cats@1.0.0
6 silly lifecycle cats@1.0.0~prelint:js: no script for prelint:js, continuing
7 info lifecycle cats@1.0.0~lint:js: cats@1.0.0
8 verbose lifecycle cats@1.0.0~lint:js: unsafe-perm in lifecycle true
9 verbose lifecycle cats@1.0.0~lint:js: PATH: /usr/local/lib/node_modules/npm/bin/node-gyp-bin:/Users/oscar/Desktop/cats/node_modules/.bin:/usr/local/bin:/usr/bin:/bin:/usr/sbin:/sbin:/Library/TeX/texbin
10 verbose lifecycle cats@1.0.0~lint:js: CWD: /Users/oscar/Desktop/cats
11 silly lifecycle cats@1.0.0~lint:js: Args: [ '-c', 'eslint app/ webpack.*.js --cache "--fix"' ]
12 silly lifecycle cats@1.0.0~lint:js: Returned: code: 1  signal: null
13 info lifecycle cats@1.0.0~lint:js: Failed to exec lint:js script
14 verbose stack Error: cats@1.0.0 lint:js: `eslint app/ webpack.*.js --cache "--fix"`
14 verbose stack Exit status 1
14 verbose stack     at EventEmitter.<anonymous> (/usr/local/lib/node_modules/npm/lib/utils/lifecycle.js:255:16)
14 verbose stack     at emitTwo (events.js:106:13)
14 verbose stack     at EventEmitter.emit (events.js:191:7)
14 verbose stack     at ChildProcess.<anonymous> (/usr/local/lib/node_modules/npm/lib/utils/spawn.js:40:14)
14 verbose stack     at emitTwo (events.js:106:13)
14 verbose stack     at ChildProcess.emit (events.js:191:7)
14 verbose stack     at maybeClose (internal/child_process.js:891:16)
14 verbose stack     at Process.ChildProcess._handle.onexit (internal/child_process.js:226:5)
15 verbose pkgid cats@1.0.0
16 verbose cwd /Users/oscar/Desktop/cats
17 error Darwin 16.7.0
18 error argv "/usr/local/bin/node" "/usr/local/bin/npm" "run" "lint:js" "--" "--fix"
19 error node v6.11.2
20 error npm  v3.10.10
21 error code ELIFECYCLE
22 error cats@1.0.0 lint:js: `eslint app/ webpack.*.js --cache "--fix"`
22 error Exit status 1
23 error Failed at the cats@1.0.0 lint:js script 'eslint app/ webpack.*.js --cache "--fix"'.
23 error Make sure you have the latest version of node.js and npm installed.
23 error If you do, this is most likely a problem with the cats package,
23 error not with npm itself.
23 error Tell the author that this fails on your system:
23 error     eslint app/ webpack.*.js --cache "--fix"
23 error You can get information on how to open an issue for this project with:
23 error     npm bugs cats
23 error Or if that isn't available, you can get their info via:
23 error     npm owner ls cats
23 error There is likely additional logging output above.
24 verbose exit [ 1, true ]
