Arguments: 
  /usr/local/bin/node /usr/local/Cellar/yarn/0.27.5_1/libexec/bin/yarn.js build

PATH: 
  /usr/local/bin:/usr/bin:/bin:/usr/sbin:/sbin:/Library/TeX/texbin

Yarn version: 
  0.27.5

Node version: 
  6.11.2

Platform: 
  darwin x64

npm manifest: 
  No manifest

yarn manifest: 
  No manifest

Lockfile: 
  No lockfile

Trace: 
  SyntaxError: /Users/oscar/Desktop/cats/package.json: Unexpected token } in JSON at position 124
      at Object.parse (native)
      at /usr/local/Cellar/yarn/0.27.5_1/libexec/lib/yarn-cli.js:747:57
      at next (native)
      at step (/usr/local/Cellar/yarn/0.27.5_1/libexec/lib/yarn-cli.js:91:30)
      at /usr/local/Cellar/yarn/0.27.5_1/libexec/lib/yarn-cli.js:102:13
